[2019-01-21T15:48:09.730] [ERROR] err - failed transactions: 
[2019-01-21T15:48:09.730] [ERROR] err - hash: 31ee842333c7c9012a033a637bccf6aceb0dca86808cbe2e8192c08695022321, nonce: 03
[2019-01-21T15:48:09.730] [ERROR] err - hash: 25637722b9b0447d09ad8e9ffc745b1e33a5e606711bd47bd1b63cd0bbf57107, nonce: 04
[2019-01-21T15:48:09.734] [ERROR] err - failed transactions: 
[2019-01-21T15:48:09.734] [ERROR] err - hash: e91c9bd0b6bd33672916137ab95b10e4b7fe9efee97f3a7ae881356499225423, nonce: 05
[2019-01-21T15:48:09.734] [ERROR] err - hash: d08313b603f93d446ca6a6548a07989f120d69475c85f0adba07f7a9d4708849, nonce: 06
[2019-01-21T15:48:09.738] [ERROR] err - failed transactions: 
[2019-01-21T15:48:09.738] [ERROR] err - hash: 76a4446b06a309d3f2e54ea30921b433c82ab02f28350fc07015444b85da7c6f, nonce: 07
[2019-01-21T15:48:09.739] [ERROR] err - hash: 97f0b2c0962c429f9738361a78070cdc3acdc49e4fb884bc2e8acdbdd513d1b4, nonce: 08
[2019-01-21T15:53:17.456] [ERROR] err - failed transactions: 
[2019-01-21T15:53:17.456] [ERROR] err - hash: 31ee842333c7c9012a033a637bccf6aceb0dca86808cbe2e8192c08695022321, transaction: function(label) {
    if(label)
    {
      const obj = {};
      self._fields.forEach((field) => {
        obj[field] = "0x" + self[field].toString("hex");
      });
      return obj;
    }
    return exports.baToJSON(this.raw);
  }
[2019-01-21T15:53:17.456] [ERROR] err - hash: 25637722b9b0447d09ad8e9ffc745b1e33a5e606711bd47bd1b63cd0bbf57107, transaction: function(label) {
    if(label)
    {
      const obj = {};
      self._fields.forEach((field) => {
        obj[field] = "0x" + self[field].toString("hex");
      });
      return obj;
    }
    return exports.baToJSON(this.raw);
  }
[2019-01-21T15:53:17.460] [ERROR] err - failed transactions: 
[2019-01-21T15:53:17.460] [ERROR] err - hash: e91c9bd0b6bd33672916137ab95b10e4b7fe9efee97f3a7ae881356499225423, transaction: function(label) {
    if(label)
    {
      const obj = {};
      self._fields.forEach((field) => {
        obj[field] = "0x" + self[field].toString("hex");
      });
      return obj;
    }
    return exports.baToJSON(this.raw);
  }
[2019-01-21T15:53:17.460] [ERROR] err - hash: d08313b603f93d446ca6a6548a07989f120d69475c85f0adba07f7a9d4708849, transaction: function(label) {
    if(label)
    {
      const obj = {};
      self._fields.forEach((field) => {
        obj[field] = "0x" + self[field].toString("hex");
      });
      return obj;
    }
    return exports.baToJSON(this.raw);
  }
[2019-01-21T15:53:17.464] [ERROR] err - failed transactions: 
[2019-01-21T15:53:17.465] [ERROR] err - hash: 76a4446b06a309d3f2e54ea30921b433c82ab02f28350fc07015444b85da7c6f, transaction: function(label) {
    if(label)
    {
      const obj = {};
      self._fields.forEach((field) => {
        obj[field] = "0x" + self[field].toString("hex");
      });
      return obj;
    }
    return exports.baToJSON(this.raw);
  }
[2019-01-21T15:53:17.465] [ERROR] err - hash: 97f0b2c0962c429f9738361a78070cdc3acdc49e4fb884bc2e8acdbdd513d1b4, transaction: function(label) {
    if(label)
    {
      const obj = {};
      self._fields.forEach((field) => {
        obj[field] = "0x" + self[field].toString("hex");
      });
      return obj;
    }
    return exports.baToJSON(this.raw);
  }
[2019-01-21T15:53:29.238] [ERROR] err - failed transactions: 
[2019-01-21T15:53:29.238] [ERROR] err - hash: 31ee842333c7c9012a033a637bccf6aceb0dca86808cbe2e8192c08695022321, transaction: function(label) {
    if(label)
    {
      const obj = {};
      self._fields.forEach((field) => {
        obj[field] = "0x" + self[field].toString("hex");
      });
      return obj;
    }
    return exports.baToJSON(this.raw);
  }
[2019-01-21T15:53:29.238] [ERROR] err - hash: 25637722b9b0447d09ad8e9ffc745b1e33a5e606711bd47bd1b63cd0bbf57107, transaction: function(label) {
    if(label)
    {
      const obj = {};
      self._fields.forEach((field) => {
        obj[field] = "0x" + self[field].toString("hex");
      });
      return obj;
    }
    return exports.baToJSON(this.raw);
  }
[2019-01-21T15:53:29.242] [ERROR] err - failed transactions: 
[2019-01-21T15:53:29.242] [ERROR] err - hash: e91c9bd0b6bd33672916137ab95b10e4b7fe9efee97f3a7ae881356499225423, transaction: function(label) {
    if(label)
    {
      const obj = {};
      self._fields.forEach((field) => {
        obj[field] = "0x" + self[field].toString("hex");
      });
      return obj;
    }
    return exports.baToJSON(this.raw);
  }
[2019-01-21T15:53:29.242] [ERROR] err - hash: d08313b603f93d446ca6a6548a07989f120d69475c85f0adba07f7a9d4708849, transaction: function(label) {
    if(label)
    {
      const obj = {};
      self._fields.forEach((field) => {
        obj[field] = "0x" + self[field].toString("hex");
      });
      return obj;
    }
    return exports.baToJSON(this.raw);
  }
[2019-01-21T15:53:29.246] [ERROR] err - failed transactions: 
[2019-01-21T15:53:29.247] [ERROR] err - hash: 76a4446b06a309d3f2e54ea30921b433c82ab02f28350fc07015444b85da7c6f, transaction: function(label) {
    if(label)
    {
      const obj = {};
      self._fields.forEach((field) => {
        obj[field] = "0x" + self[field].toString("hex");
      });
      return obj;
    }
    return exports.baToJSON(this.raw);
  }
[2019-01-21T15:53:29.247] [ERROR] err - hash: 97f0b2c0962c429f9738361a78070cdc3acdc49e4fb884bc2e8acdbdd513d1b4, transaction: function(label) {
    if(label)
    {
      const obj = {};
      self._fields.forEach((field) => {
        obj[field] = "0x" + self[field].toString("hex");
      });
      return obj;
    }
    return exports.baToJSON(this.raw);
  }
[2019-01-21T15:54:09.434] [ERROR] err - failed transactions: 
[2019-01-21T15:54:09.435] [ERROR] err - hash: 31ee842333c7c9012a033a637bccf6aceb0dca86808cbe2e8192c08695022321, transaction: 0x03,0x1234567891123456789112345678911234567891,0x2345,0x68656c6c6f,0x1b,0x6d5b537c99d62d8e9d5d88f058aa926b811acaf1015f3e1a55d9d2253735a0a1,0x37206463945d8b8069747fa3c1e4de6cfea08aaa59a16a303e8e578641091515
[2019-01-21T15:54:09.435] [ERROR] err - hash: 25637722b9b0447d09ad8e9ffc745b1e33a5e606711bd47bd1b63cd0bbf57107, transaction: 0x04,0x1234567891123456789112345678911234567891,0x2345,0x68656c6c6f,0x1c,0x00b6b3bb56867fa76fac0accfed88ee616bb4ec7992a3716f5dfbae90a21f45b,0x16147b74ddd042a9bd55def7ee3b6d068d0e533528f8cc09e428679b3f570a66
[2019-01-21T15:54:09.439] [ERROR] err - failed transactions: 
[2019-01-21T15:54:09.439] [ERROR] err - hash: e91c9bd0b6bd33672916137ab95b10e4b7fe9efee97f3a7ae881356499225423, transaction: 0x05,0x1234567891123456789112345678911234567891,0x2345,0x68656c6c6f,0x1c,0x4d73d8bdc677aa7c7090f13cdfbfa3c5bb4ef00940eb23188f8979f0f7394031,0x7676ec7b74b67c37ad8c0efbbb74a676ae0d9996603bec159e8c42456f525996
[2019-01-21T15:54:09.439] [ERROR] err - hash: d08313b603f93d446ca6a6548a07989f120d69475c85f0adba07f7a9d4708849, transaction: 0x06,0x1234567891123456789112345678911234567891,0x2345,0x68656c6c6f,0x1c,0x66482d5efaeb6a2e2c77bf657c99888331de4fd22de36182b18f3458be1e4629,0x17b6d045a7eca236ae299d1aab40287bf1edbc368c0cf6cb3b90b64c49540877
[2019-01-21T15:54:09.443] [ERROR] err - failed transactions: 
[2019-01-21T15:54:09.443] [ERROR] err - hash: 76a4446b06a309d3f2e54ea30921b433c82ab02f28350fc07015444b85da7c6f, transaction: 0x07,0x1234567891123456789112345678911234567891,0x2345,0x68656c6c6f,0x1b,0xcd021fdc3e108c890407259bc14772f66359754ac2d9deff1b64abb8d92ff9ba,0x173b6b6893aac7dea710cbb329792bdf535fa756097608eacd540c0cc3c3ae3d
[2019-01-21T15:54:09.443] [ERROR] err - hash: 97f0b2c0962c429f9738361a78070cdc3acdc49e4fb884bc2e8acdbdd513d1b4, transaction: 0x08,0x1234567891123456789112345678911234567891,0x2345,0x68656c6c6f,0x1b,0x3a53c104b98469532ca49313088fd751a4eaf2df96b7bc32989fac2a3bf7570d,0x00383a0a7add44831795a5cb49c3b927a86b4891ccfdeb40ccd290bec3a7d4ea
[2019-01-21T15:54:31.132] [ERROR] err - failed transactions: 
[2019-01-21T15:54:31.132] [ERROR] err - hash: 31ee842333c7c9012a033a637bccf6aceb0dca86808cbe2e8192c08695022321, transaction: [object Object]
[2019-01-21T15:54:31.132] [ERROR] err - hash: 25637722b9b0447d09ad8e9ffc745b1e33a5e606711bd47bd1b63cd0bbf57107, transaction: [object Object]
[2019-01-21T15:54:31.136] [ERROR] err - failed transactions: 
[2019-01-21T15:54:31.136] [ERROR] err - hash: e91c9bd0b6bd33672916137ab95b10e4b7fe9efee97f3a7ae881356499225423, transaction: [object Object]
[2019-01-21T15:54:31.136] [ERROR] err - hash: d08313b603f93d446ca6a6548a07989f120d69475c85f0adba07f7a9d4708849, transaction: [object Object]
[2019-01-21T15:54:31.141] [ERROR] err - failed transactions: 
[2019-01-21T15:54:31.141] [ERROR] err - hash: 76a4446b06a309d3f2e54ea30921b433c82ab02f28350fc07015444b85da7c6f, transaction: [object Object]
[2019-01-21T15:54:31.141] [ERROR] err - hash: 97f0b2c0962c429f9738361a78070cdc3acdc49e4fb884bc2e8acdbdd513d1b4, transaction: [object Object]
[2019-01-21T15:55:15.835] [ERROR] err - failed transactions: 
[2019-01-21T15:55:15.835] [ERROR] err - hash: 31ee842333c7c9012a033a637bccf6aceb0dca86808cbe2e8192c08695022321, transaction: {"nonce":"0x03","to":"0x1234567891123456789112345678911234567891","value":"0x2345","data":"0x68656c6c6f","v":"0x1b","r":"0x6d5b537c99d62d8e9d5d88f058aa926b811acaf1015f3e1a55d9d2253735a0a1","s":"0x37206463945d8b8069747fa3c1e4de6cfea08aaa59a16a303e8e578641091515"}
[2019-01-21T15:55:15.836] [ERROR] err - hash: 25637722b9b0447d09ad8e9ffc745b1e33a5e606711bd47bd1b63cd0bbf57107, transaction: {"nonce":"0x04","to":"0x1234567891123456789112345678911234567891","value":"0x2345","data":"0x68656c6c6f","v":"0x1c","r":"0x00b6b3bb56867fa76fac0accfed88ee616bb4ec7992a3716f5dfbae90a21f45b","s":"0x16147b74ddd042a9bd55def7ee3b6d068d0e533528f8cc09e428679b3f570a66"}
[2019-01-21T15:55:15.839] [ERROR] err - failed transactions: 
[2019-01-21T15:55:15.839] [ERROR] err - hash: e91c9bd0b6bd33672916137ab95b10e4b7fe9efee97f3a7ae881356499225423, transaction: {"nonce":"0x05","to":"0x1234567891123456789112345678911234567891","value":"0x2345","data":"0x68656c6c6f","v":"0x1c","r":"0x4d73d8bdc677aa7c7090f13cdfbfa3c5bb4ef00940eb23188f8979f0f7394031","s":"0x7676ec7b74b67c37ad8c0efbbb74a676ae0d9996603bec159e8c42456f525996"}
[2019-01-21T15:55:15.839] [ERROR] err - hash: d08313b603f93d446ca6a6548a07989f120d69475c85f0adba07f7a9d4708849, transaction: {"nonce":"0x06","to":"0x1234567891123456789112345678911234567891","value":"0x2345","data":"0x68656c6c6f","v":"0x1c","r":"0x66482d5efaeb6a2e2c77bf657c99888331de4fd22de36182b18f3458be1e4629","s":"0x17b6d045a7eca236ae299d1aab40287bf1edbc368c0cf6cb3b90b64c49540877"}
[2019-01-21T15:55:15.844] [ERROR] err - failed transactions: 
[2019-01-21T15:55:15.844] [ERROR] err - hash: 76a4446b06a309d3f2e54ea30921b433c82ab02f28350fc07015444b85da7c6f, transaction: {"nonce":"0x07","to":"0x1234567891123456789112345678911234567891","value":"0x2345","data":"0x68656c6c6f","v":"0x1b","r":"0xcd021fdc3e108c890407259bc14772f66359754ac2d9deff1b64abb8d92ff9ba","s":"0x173b6b6893aac7dea710cbb329792bdf535fa756097608eacd540c0cc3c3ae3d"}
[2019-01-21T15:55:15.844] [ERROR] err - hash: 97f0b2c0962c429f9738361a78070cdc3acdc49e4fb884bc2e8acdbdd513d1b4, transaction: {"nonce":"0x08","to":"0x1234567891123456789112345678911234567891","value":"0x2345","data":"0x68656c6c6f","v":"0x1b","r":"0x3a53c104b98469532ca49313088fd751a4eaf2df96b7bc32989fac2a3bf7570d","s":"0x00383a0a7add44831795a5cb49c3b927a86b4891ccfdeb40ccd290bec3a7d4ea"}
[2019-01-21T15:55:44.602] [ERROR] err - failed transactions: 
[2019-01-21T15:55:44.602] [ERROR] err - hash: 31ee842333c7c9012a033a637bccf6aceb0dca86808cbe2e8192c08695022321, transaction: {"nonce":"0x03","to":"0x1234567891123456789112345678911234567891","value":"0x2345","data":"0x68656c6c6f","v":"0x1b","r":"0x6d5b537c99d62d8e9d5d88f058aa926b811acaf1015f3e1a55d9d2253735a0a1","s":"0x37206463945d8b8069747fa3c1e4de6cfea08aaa59a16a303e8e578641091515"}
[2019-01-21T15:55:44.602] [ERROR] err - hash: 25637722b9b0447d09ad8e9ffc745b1e33a5e606711bd47bd1b63cd0bbf57107, transaction: {"nonce":"0x04","to":"0x1234567891123456789112345678911234567891","value":"0x2345","data":"0x68656c6c6f","v":"0x1c","r":"0x00b6b3bb56867fa76fac0accfed88ee616bb4ec7992a3716f5dfbae90a21f45b","s":"0x16147b74ddd042a9bd55def7ee3b6d068d0e533528f8cc09e428679b3f570a66"}
[2019-01-21T15:55:44.606] [ERROR] err - failed transactions: 
[2019-01-21T15:55:44.606] [ERROR] err - hash: e91c9bd0b6bd33672916137ab95b10e4b7fe9efee97f3a7ae881356499225423, transaction: {"nonce":"0x05","to":"0x1234567891123456789112345678911234567891","value":"0x2345","data":"0x68656c6c6f","v":"0x1c","r":"0x4d73d8bdc677aa7c7090f13cdfbfa3c5bb4ef00940eb23188f8979f0f7394031","s":"0x7676ec7b74b67c37ad8c0efbbb74a676ae0d9996603bec159e8c42456f525996"}
[2019-01-21T15:55:44.606] [ERROR] err - hash: d08313b603f93d446ca6a6548a07989f120d69475c85f0adba07f7a9d4708849, transaction: {"nonce":"0x06","to":"0x1234567891123456789112345678911234567891","value":"0x2345","data":"0x68656c6c6f","v":"0x1c","r":"0x66482d5efaeb6a2e2c77bf657c99888331de4fd22de36182b18f3458be1e4629","s":"0x17b6d045a7eca236ae299d1aab40287bf1edbc368c0cf6cb3b90b64c49540877"}
[2019-01-21T15:55:44.610] [ERROR] err - failed transactions: 
[2019-01-21T15:55:44.610] [ERROR] err - hash: 76a4446b06a309d3f2e54ea30921b433c82ab02f28350fc07015444b85da7c6f, transaction: {"nonce":"0x07","to":"0x1234567891123456789112345678911234567891","value":"0x2345","data":"0x68656c6c6f","v":"0x1b","r":"0xcd021fdc3e108c890407259bc14772f66359754ac2d9deff1b64abb8d92ff9ba","s":"0x173b6b6893aac7dea710cbb329792bdf535fa756097608eacd540c0cc3c3ae3d"}
[2019-01-21T15:55:44.611] [ERROR] err - hash: 97f0b2c0962c429f9738361a78070cdc3acdc49e4fb884bc2e8acdbdd513d1b4, transaction: {"nonce":"0x08","to":"0x1234567891123456789112345678911234567891","value":"0x2345","data":"0x68656c6c6f","v":"0x1b","r":"0x3a53c104b98469532ca49313088fd751a4eaf2df96b7bc32989fac2a3bf7570d","s":"0x00383a0a7add44831795a5cb49c3b927a86b4891ccfdeb40ccd290bec3a7d4ea"}
