[2019-05-21T08:54:43.481] [ERROR] loggerConsensus - Ripple handleMessage, address d71ea644d8e3802b6a42987babdc2cde3cde9d28 is not consensus, block agreement stage is not over
[2019-05-21T08:54:43.578] [ERROR] loggerConsensus - Ripple handleMessage, address d71ea644d8e3802b6a42987babdc2cde3cde9d28 is not consensus, candidate agreement stage is not over
[2019-05-21T08:54:43.609] [ERROR] loggerConsensus - Counter handleMessage, stage may be invalid, current own round: 1, stage: 1
[2019-05-21T08:54:43.661] [ERROR] loggerConsensus - Counter handleMessage, stage may be invalid, current own round: 2, stage: 1
[2019-05-21T08:54:43.673] [ERROR] loggerConsensus - Counter handleMessage, stage may be invalid, current own round: 2, stage: 1
[2019-05-21T08:54:43.688] [ERROR] loggerConsensus - Counter handleMessage, stage may be invalid, current own round: 2, stage: 1
[2019-05-21T08:54:43.707] [ERROR] loggerConsensus - Counter handleMessage, stage may be invalid, current own round: 2, stage: 1
[2019-05-21T08:54:43.711] [ERROR] loggerConsensus - Counter handleMessage, stage may be invalid, current own round: 2, stage: 1
[2019-05-21T08:54:43.734] [ERROR] loggerConsensus - Counter handleMessage, stage may be invalid, current own round: 2, stage: 1
[2019-05-21T08:54:43.744] [ERROR] loggerConsensus - Counter handleMessage, stage may be invalid, current own round: 2, stage: 1
[2019-05-21T08:54:43.748] [ERROR] loggerConsensus - Counter handleMessage, stage may be invalid, current own round: 2, stage: 1
[2019-05-21T08:54:43.758] [ERROR] loggerConsensus - Counter handleMessage, stage may be invalid, current own round: 2, stage: 1
[2019-05-21T08:54:43.762] [ERROR] loggerConsensus - Counter handleMessage, stage may be invalid, current own round: 2, stage: 1
[2019-05-21T08:54:43.766] [ERROR] loggerConsensus - Counter handleMessage, stage may be invalid, current own round: 2, stage: 1
[2019-05-21T08:54:43.770] [ERROR] loggerConsensus - Counter handleMessage, stage may be invalid, current own round: 2, stage: 1
[2019-05-21T08:54:43.776] [ERROR] loggerConsensus - Counter handleMessage, stage may be invalid, current own round: 2, stage: 1
[2019-05-21T08:54:43.781] [ERROR] loggerConsensus - Counter handleMessage, stage may be invalid, current own round: 2, stage: 1
[2019-05-21T08:54:43.784] [ERROR] loggerConsensus - Counter handleMessage, stage may be invalid, current own round: 2, stage: 1
[2019-05-21T08:54:43.788] [ERROR] loggerConsensus - Counter handleMessage, stage may be invalid, current own round: 2, stage: 1
[2019-05-21T08:54:43.794] [ERROR] loggerConsensus - Counter handleMessage, stage may be invalid, current own round: 2, stage: 1
[2019-05-21T08:54:43.799] [ERROR] loggerConsensus - Counter handleMessage, stage may be invalid, current own round: 2, stage: 1
[2019-05-21T08:54:43.803] [ERROR] loggerConsensus - Counter handleMessage, stage may be invalid, current own round: 2, stage: 1
[2019-05-21T08:54:43.807] [ERROR] loggerConsensus - Counter handleMessage, stage may be invalid, current own round: 2, stage: 1
[2019-05-21T08:54:43.816] [ERROR] loggerConsensus - Counter handleMessage, stage may be invalid, current own round: 2, stage: 1
[2019-05-21T08:54:43.820] [ERROR] loggerConsensus - Counter handleMessage, stage may be invalid, current own round: 2, stage: 1
[2019-05-21T08:54:43.824] [ERROR] loggerConsensus - Counter handleMessage, stage may be invalid, current own round: 2, stage: 1
[2019-05-21T08:54:43.829] [ERROR] loggerConsensus - Counter handleMessage, stage may be invalid, current own round: 2, stage: 1
[2019-05-21T08:54:43.833] [ERROR] loggerConsensus - Counter handleMessage, stage may be invalid, current own round: 2, stage: 1
[2019-05-21T08:54:43.837] [ERROR] loggerConsensus - Counter handleMessage, stage may be invalid, current own round: 2, stage: 1
[2019-05-21T08:54:43.841] [ERROR] loggerConsensus - Counter handleMessage, stage may be invalid, current own round: 2, stage: 1
[2019-05-21T08:54:43.845] [ERROR] loggerConsensus - Counter handleMessage, stage may be invalid, current own round: 2, stage: 1
[2019-05-21T08:54:43.849] [ERROR] loggerConsensus - Counter handleMessage, stage may be invalid, current own round: 2, stage: 1
[2019-05-21T08:54:43.853] [ERROR] loggerConsensus - Counter handleMessage, stage may be invalid, current own round: 2, stage: 1
[2019-05-21T08:54:43.857] [ERROR] loggerConsensus - Counter handleMessage, stage may be invalid, current own round: 2, stage: 1
[2019-05-21T08:54:43.863] [ERROR] loggerConsensus - Counter handleMessage, stage may be invalid, current own round: 2, stage: 1
[2019-05-21T08:54:43.867] [ERROR] loggerConsensus - Counter handleMessage, stage may be invalid, current own round: 2, stage: 1
[2019-05-21T08:54:43.875] [ERROR] loggerConsensus - Counter handleMessage, stage may be invalid, current own round: 2, stage: 1
[2019-05-21T08:54:43.881] [ERROR] loggerConsensus - Counter handleMessage, stage may be invalid, current own round: 2, stage: 1
[2019-05-21T08:54:43.885] [ERROR] loggerConsensus - Counter handleMessage, stage may be invalid, current own round: 2, stage: 1
[2019-05-21T08:54:43.889] [ERROR] loggerConsensus - Counter handleMessage, stage may be invalid, current own round: 2, stage: 1
[2019-05-21T08:54:43.893] [ERROR] loggerConsensus - Counter handleMessage, stage may be invalid, current own round: 2, stage: 1
[2019-05-21T08:54:43.898] [ERROR] loggerConsensus - Counter handleMessage, stage may be invalid, current own round: 2, stage: 1
[2019-05-21T08:54:43.902] [ERROR] loggerConsensus - Counter handleMessage, stage may be invalid, current own round: 2, stage: 1
[2019-05-21T08:54:43.906] [ERROR] loggerConsensus - Counter handleMessage, stage may be invalid, current own round: 2, stage: 1
[2019-05-21T08:54:43.915] [ERROR] loggerConsensus - Counter handleMessage, stage may be invalid, current own round: 2, stage: 1
[2019-05-21T08:54:43.920] [ERROR] loggerConsensus - Counter handleMessage, stage may be invalid, current own round: 2, stage: 1
[2019-05-21T08:54:43.924] [ERROR] loggerConsensus - Counter handleMessage, stage may be invalid, current own round: 2, stage: 1
[2019-05-21T08:54:43.928] [ERROR] loggerConsensus - Counter handleMessage, stage may be invalid, current own round: 2, stage: 1
[2019-05-21T08:54:43.934] [ERROR] loggerConsensus - Counter handleMessage, stage may be invalid, current own round: 2, stage: 1
[2019-05-21T08:54:43.937] [ERROR] loggerConsensus - Counter handleMessage, stage may be invalid, current own round: 2, stage: 1
[2019-05-21T08:54:43.941] [ERROR] loggerConsensus - Counter handleMessage, stage may be invalid, current own round: 2, stage: 1
[2019-05-21T08:54:43.945] [ERROR] loggerConsensus - Counter handleMessage, stage may be invalid, current own round: 2, stage: 1
[2019-05-21T08:54:43.950] [ERROR] loggerConsensus - Counter handleMessage, stage may be invalid, current own round: 2, stage: 1
[2019-05-21T08:54:43.954] [ERROR] loggerConsensus - Counter handleMessage, stage may be invalid, current own round: 2, stage: 1
[2019-05-21T08:54:43.958] [ERROR] loggerConsensus - Counter handleMessage, stage may be invalid, current own round: 2, stage: 1
[2019-05-21T08:54:43.962] [ERROR] loggerConsensus - Counter handleMessage, stage may be invalid, current own round: 2, stage: 1
[2019-05-21T08:54:43.968] [ERROR] loggerConsensus - Counter handleMessage, stage may be invalid, current own round: 2, stage: 1
[2019-05-21T08:54:43.972] [ERROR] loggerConsensus - Counter handleMessage, stage may be invalid, current own round: 2, stage: 1
[2019-05-21T08:54:43.976] [ERROR] loggerConsensus - Counter handleMessage, stage may be invalid, current own round: 2, stage: 1
[2019-05-21T08:54:43.980] [ERROR] loggerConsensus - Counter handleMessage, stage may be invalid, current own round: 2, stage: 1
[2019-05-21T08:54:43.989] [ERROR] loggerConsensus - Counter handleMessage, stage may be invalid, current own round: 2, stage: 1
[2019-05-21T08:54:43.992] [ERROR] loggerConsensus - Counter handleMessage, stage may be invalid, current own round: 2, stage: 1
[2019-05-21T08:54:43.997] [ERROR] loggerConsensus - Counter handleMessage, stage may be invalid, current own round: 2, stage: 1
[2019-05-21T08:54:44.007] [ERROR] loggerConsensus - Counter handleMessage, stage may be invalid, current own round: 2, stage: 1
[2019-05-21T08:54:44.012] [ERROR] loggerConsensus - Counter handleMessage, stage may be invalid, current own round: 2, stage: 1
[2019-05-21T08:54:44.017] [ERROR] loggerConsensus - Counter handleMessage, stage may be invalid, current own round: 2, stage: 1
[2019-05-21T08:54:44.029] [ERROR] loggerConsensus - Counter handleMessage, stage may be invalid, current own round: 2, stage: 1
[2019-05-21T08:54:44.032] [ERROR] loggerConsensus - Counter handleMessage, stage may be invalid, current own round: 2, stage: 1
[2019-05-21T08:54:44.039] [ERROR] loggerConsensus - Counter handleMessage, stage may be invalid, current own round: 2, stage: 1
[2019-05-21T08:54:44.043] [ERROR] loggerConsensus - Counter handleMessage, stage may be invalid, current own round: 2, stage: 1
[2019-05-21T08:54:44.047] [ERROR] loggerConsensus - Counter handleMessage, stage may be invalid, current own round: 2, stage: 1
[2019-05-21T08:54:44.051] [ERROR] loggerConsensus - Counter handleMessage, stage may be invalid, current own round: 2, stage: 1
[2019-05-21T08:54:44.056] [ERROR] loggerConsensus - Counter handleMessage, stage may be invalid, current own round: 2, stage: 1
[2019-05-21T08:54:44.067] [ERROR] loggerConsensus - Counter handleMessage, stage may be invalid, current own round: 2, stage: 1
[2019-05-21T08:54:44.073] [ERROR] loggerConsensus - Counter handleMessage, stage may be invalid, current own round: 2, stage: 1
[2019-05-21T08:54:44.077] [ERROR] loggerConsensus - Counter handleMessage, stage may be invalid, current own round: 2, stage: 1
[2019-05-21T08:54:44.081] [ERROR] loggerConsensus - Counter handleMessage, stage may be invalid, current own round: 2, stage: 1
[2019-05-21T08:54:44.085] [ERROR] loggerConsensus - Counter handleMessage, stage may be invalid, current own round: 2, stage: 1
[2019-05-21T08:54:44.090] [ERROR] loggerConsensus - Counter handleMessage, stage may be invalid, current own round: 2, stage: 1
[2019-05-21T08:54:44.094] [ERROR] loggerConsensus - Counter handleMessage, stage may be invalid, current own round: 2, stage: 1
[2019-05-21T08:54:44.097] [ERROR] loggerConsensus - Counter handleMessage, stage may be invalid, current own round: 2, stage: 1
[2019-05-21T08:54:44.101] [ERROR] loggerConsensus - Counter handleMessage, stage may be invalid, current own round: 2, stage: 1
[2019-05-21T08:54:44.106] [ERROR] loggerConsensus - Counter handleMessage, stage may be invalid, current own round: 2, stage: 1
[2019-05-21T08:54:44.110] [ERROR] loggerConsensus - Counter handleMessage, stage may be invalid, current own round: 2, stage: 1
[2019-05-21T08:54:44.114] [ERROR] loggerConsensus - Counter handleMessage, stage may be invalid, current own round: 2, stage: 1
[2019-05-21T08:54:44.118] [ERROR] loggerConsensus - Counter handleMessage, stage may be invalid, current own round: 2, stage: 1
[2019-05-21T08:54:44.124] [ERROR] loggerConsensus - Counter handleMessage, stage may be invalid, current own round: 2, stage: 1
[2019-05-21T08:54:44.128] [ERROR] loggerConsensus - Counter handleMessage, stage may be invalid, current own round: 2, stage: 1
[2019-05-21T08:54:44.133] [ERROR] loggerConsensus - Counter handleMessage, stage may be invalid, current own round: 2, stage: 1
[2019-05-21T08:54:44.137] [ERROR] loggerConsensus - Counter handleMessage, stage may be invalid, current own round: 2, stage: 1
[2019-05-21T08:54:44.142] [ERROR] loggerConsensus - Counter handleMessage, stage may be invalid, current own round: 2, stage: 1
[2019-05-21T08:54:44.146] [ERROR] loggerConsensus - Counter handleMessage, stage may be invalid, current own round: 2, stage: 1
[2019-05-21T08:54:44.150] [ERROR] loggerConsensus - Counter handleMessage, stage may be invalid, current own round: 2, stage: 1
[2019-05-21T08:54:44.153] [ERROR] loggerConsensus - Counter handleMessage, stage may be invalid, current own round: 2, stage: 1
[2019-05-21T08:54:44.160] [ERROR] loggerConsensus - Counter handleMessage, stage may be invalid, current own round: 2, stage: 1
[2019-05-21T08:54:44.164] [ERROR] loggerConsensus - Counter handleMessage, stage may be invalid, current own round: 2, stage: 1
[2019-05-21T08:54:44.168] [ERROR] loggerConsensus - Counter handleMessage, stage may be invalid, current own round: 2, stage: 1
[2019-05-21T08:54:44.172] [ERROR] loggerConsensus - Counter handleMessage, stage may be invalid, current own round: 2, stage: 1
[2019-05-21T08:54:44.178] [ERROR] loggerConsensus - Counter handleMessage, stage may be invalid, current own round: 2, stage: 1
[2019-05-21T08:54:44.182] [ERROR] loggerConsensus - Counter handleMessage, stage may be invalid, current own round: 2, stage: 1
[2019-05-21T08:54:44.185] [ERROR] loggerConsensus - Counter handleMessage, stage may be invalid, current own round: 2, stage: 1
[2019-05-21T08:54:44.194] [ERROR] loggerConsensus - Counter handleMessage, stage may be invalid, current own round: 2, stage: 1
[2019-05-21T08:54:44.198] [ERROR] loggerConsensus - Counter handleMessage, stage may be invalid, current own round: 2, stage: 1
[2019-05-21T08:54:44.202] [ERROR] loggerConsensus - Counter handleMessage, stage may be invalid, current own round: 2, stage: 1
[2019-05-21T08:54:44.205] [ERROR] loggerConsensus - Counter handleMessage, stage may be invalid, current own round: 2, stage: 1
[2019-05-21T08:54:44.212] [ERROR] loggerConsensus - Counter handleMessage, stage may be invalid, current own round: 2, stage: 1
[2019-05-21T08:54:44.216] [ERROR] loggerConsensus - Counter handleMessage, stage may be invalid, current own round: 2, stage: 1
[2019-05-21T08:54:44.220] [ERROR] loggerConsensus - Counter handleMessage, stage may be invalid, current own round: 2, stage: 1
[2019-05-21T08:54:44.224] [ERROR] loggerConsensus - Counter handleMessage, stage may be invalid, current own round: 2, stage: 1
[2019-05-21T08:54:44.233] [ERROR] loggerConsensus - Counter handleMessage, stage may be invalid, current own round: 2, stage: 1
[2019-05-21T08:54:44.237] [ERROR] loggerConsensus - Counter handleMessage, stage may be invalid, current own round: 2, stage: 1
[2019-05-21T08:54:44.242] [ERROR] loggerConsensus - Counter handleMessage, stage may be invalid, current own round: 2, stage: 1
[2019-05-21T08:54:44.247] [ERROR] loggerConsensus - Counter handleMessage, stage may be invalid, current own round: 2, stage: 1[2019-05-21T17:20:14.485] [FATAL] loggerConsensus - Ripple run, throw exceptions, Error: util defineProperties, data type should be String or Buffer or Array or Object, now is string
[2019-05-21T17:30:57.647] [TRACE] loggerConsensus - Amalgamate run, transaction hash: 3ce19938bc4203b5e723d50485c8b50cc7b995d97a0c4417d8528ffa840213f2, from: 21d21b68ded27ce2ef619651d382892c1f77baa4, to: f7df754c988f003619b6cc88293db90003bdaacb, value: 10, nonce: 09
[2019-05-21T17:30:59.645] [TRACE] loggerConsensus - Stage, primary stage is over because of timeout
[2019-05-21T17:31:00.647] [TRACE] loggerConsensus - Stage, finish stage retry
[2019-05-21T17:31:01.649] [TRACE] loggerConsensus - Stage, finish stage retry
[2019-05-21T17:31:02.650] [TRACE] loggerConsensus - Stage, finish stage retry
[2019-05-21T17:31:03.652] [TRACE] loggerConsensus - Stage, finish stage is over because of timeout
[2019-05-21T17:31:03.657] [TRACE] loggerConsensus - CandidateAgreement run, transaction hash: 3ce19938bc4203b5e723d50485c8b50cc7b995d97a0c4417d8528ffa840213f2, from: 21d21b68ded27ce2ef619651d382892c1f77baa4, to: f7df754c988f003619b6cc88293db90003bdaacb, value: 10, nonce: 09
[2019-05-21T17:31:05.654] [TRACE] loggerConsensus - Stage, primary stage is over because of timeout
[2019-05-21T17:31:06.655] [TRACE] loggerConsensus - Stage, finish stage retry
[2019-05-21T17:31:07.656] [TRACE] loggerConsensus - Stage, finish stage retry
[2019-05-21T17:31:08.657] [TRACE] loggerConsensus - Stage, finish stage retry
[2019-05-21T17:31:09.659] [TRACE] loggerConsensus - Stage, finish stage is over because of timeout
[2019-05-21T17:31:09.661] [TRACE] loggerConsensus - CandidateAgreement handler, candidate agreement failed, go to stage amalgamate
[2019-05-21T17:31:09.665] [TRACE] loggerConsensus - Amalgamate run, transaction hash: 3ce19938bc4203b5e723d50485c8b50cc7b995d97a0c4417d8528ffa840213f2, from: 21d21b68ded27ce2ef619651d382892c1f77baa4, to: f7df754c988f003619b6cc88293db90003bdaacb, value: 10, nonce: 09
[2019-05-21T17:31:11.663] [TRACE] loggerConsensus - Stage, primary stage is over because of timeout
[2019-05-21T17:31:12.665] [TRACE] loggerConsensus - Stage, finish stage retry
[2019-05-21T17:31:13.666] [TRACE] loggerConsensus - Stage, finish stage retry
[2019-05-21T17:31:14.667] [TRACE] loggerConsensus - Stage, finish stage retry
[2019-05-21T17:31:15.669] [TRACE] loggerConsensus - Stage, finish stage is over because of timeout
[2019-05-21T17:31:15.672] [TRACE] loggerConsensus - CandidateAgreement run, transaction hash: 3ce19938bc4203b5e723d50485c8b50cc7b995d97a0c4417d8528ffa840213f2, from: 21d21b68ded27ce2ef619651d382892c1f77baa4, to: f7df754c988f003619b6cc88293db90003bdaacb, value: 10, nonce: 09
[2019-05-21T17:31:17.670] [TRACE] loggerConsensus - Stage, primary stage is over because of timeout
[2019-05-21T17:31:18.671] [TRACE] loggerConsensus - Stage, finish stage retry
[2019-05-21T17:31:19.672] [TRACE] loggerConsensus - Stage, finish stage retry
[2019-05-21T17:31:20.673] [TRACE] loggerConsensus - Stage, finish stage retry
[2019-05-21T17:31:21.675] [TRACE] loggerConsensus - Stage, finish stage is over because of timeout
[2019-05-21T17:31:21.676] [TRACE] loggerConsensus - CandidateAgreement handler, candidate agreement failed, go to stage amalgamate
[2019-05-21T17:31:21.679] [TRACE] loggerConsensus - Amalgamate run, transaction hash: 3ce19938bc4203b5e723d50485c8b50cc7b995d97a0c4417d8528ffa840213f2, from: 21d21b68ded27ce2ef619651d382892c1f77baa4, to: f7df754c988f003619b6cc88293db90003bdaacb, value: 10, nonce: 09
[2019-05-21T17:31:23.677] [TRACE] loggerConsensus - Stage, primary stage is over because of timeout
[2019-05-21T17:31:24.679] [TRACE] loggerConsensus - Stage, finish stage retry
[2019-05-21T17:31:25.680] [TRACE] loggerConsensus - Stage, finish stage retry
[2019-05-21T17:31:26.681] [TRACE] loggerConsensus - Stage, finish stage retry
[2019-05-21T17:31:27.683] [TRACE] loggerConsensus - Stage, finish stage is over because of timeout
[2019-05-21T17:31:27.686] [TRACE] loggerConsensus - CandidateAgreement run, transaction hash: 3ce19938bc4203b5e723d50485c8b50cc7b995d97a0c4417d8528ffa840213f2, from: 21d21b68ded27ce2ef619651d382892c1f77baa4, to: f7df754c988f003619b6cc88293db90003bdaacb, value: 10, nonce: 09
[2019-05-21T17:31:29.685] [TRACE] loggerConsensus - Stage, primary stage is over because of timeout
[2019-05-21T17:31:30.686] [TRACE] loggerConsensus - Stage, finish stage retry
[2019-05-21T17:31:31.687] [TRACE] loggerConsensus - Stage, finish stage retry
[2019-05-21T17:31:32.688] [TRACE] loggerConsensus - Stage, finish stage retry
[2019-05-21T17:31:33.690] [TRACE] loggerConsensus - Stage, finish stage is over because of timeout
[2019-05-21T17:31:33.691] [TRACE] loggerConsensus - CandidateAgreement handler, candidate agreement failed, go to stage amalgamate
[2019-05-21T17:31:33.694] [TRACE] loggerConsensus - Amalgamate run, transaction hash: 3ce19938bc4203b5e723d50485c8b50cc7b995d97a0c4417d8528ffa840213f2, from: 21d21b68ded27ce2ef619651d382892c1f77baa4, to: f7df754c988f003619b6cc88293db90003bdaacb, value: 10, nonce: 09
[2019-05-21T17:31:35.692] [TRACE] loggerConsensus - Stage, primary stage is over because of timeout
[2019-05-21T17:31:36.693] [TRACE] loggerConsensus - Stage, finish stage retry
[2019-05-21T17:31:37.694] [TRACE] loggerConsensus - Stage, finish stage retry
[2019-05-21T17:31:38.695] [TRACE] loggerConsensus - Stage, finish stage retry
