[2019-01-28T11:16:21.674] [INFO] default - [::1 GET / 200 5ms][ HTTP/1.1 Mozilla/5.0 (Windows NT 6.2; Win64; x64; rv:64.0) Gecko/20100101 Firefox/64.0]
[2019-01-28T11:16:21.687] [INFO] default - [::1 GET /js/app.b5fd3906.js 200 2ms][http://localhost:9090/ HTTP/1.1 Mozilla/5.0 (Windows NT 6.2; Win64; x64; rv:64.0) Gecko/20100101 Firefox/64.0]
[2019-01-28T11:16:21.688] [INFO] default - [::1 GET /js/chunk-vendors.7ec65d01.js 200 2ms][http://localhost:9090/ HTTP/1.1 Mozilla/5.0 (Windows NT 6.2; Win64; x64; rv:64.0) Gecko/20100101 Firefox/64.0]
[2019-01-28T11:16:21.728] [INFO] default - [::1 GET /getFromHistory 200 16ms][http://localhost:9090/ HTTP/1.1 Mozilla/5.0 (Windows NT 6.2; Win64; x64; rv:64.0) Gecko/20100101 Firefox/64.0]
[2019-01-28T11:16:21.729] [INFO] default - [::1 GET /getToHistory 200 15ms][http://localhost:9090/ HTTP/1.1 Mozilla/5.0 (Windows NT 6.2; Win64; x64; rv:64.0) Gecko/20100101 Firefox/64.0]
[2019-01-28T11:16:25.476] [INFO] default - [::1 GET /generateKeyPiar 200 3ms][http://localhost:9090/ HTTP/1.1 Mozilla/5.0 (Windows NT 6.2; Win64; x64; rv:64.0) Gecko/20100101 Firefox/64.0]
[2019-01-28T11:16:25.492] [INFO] default - [::1 GET /getFromHistory 200 1ms][http://localhost:9090/ HTTP/1.1 Mozilla/5.0 (Windows NT 6.2; Win64; x64; rv:64.0) Gecko/20100101 Firefox/64.0]
[2019-01-28T11:16:25.966] [INFO] default - [::1 GET /generateKeyPiar 200 1ms][http://localhost:9090/ HTTP/1.1 Mozilla/5.0 (Windows NT 6.2; Win64; x64; rv:64.0) Gecko/20100101 Firefox/64.0]
[2019-01-28T11:16:25.968] [INFO] default - [::1 GET /getFromHistory 200 0ms][http://localhost:9090/ HTTP/1.1 Mozilla/5.0 (Windows NT 6.2; Win64; x64; rv:64.0) Gecko/20100101 Firefox/64.0]
[2019-01-28T11:16:27.156] [INFO] default - new request, url: http://localhost:8080/getAccountInfo, body: {"address":"0x3be909bdea41172e5e81f9e1c9fce4bb24cca346"}
[2019-01-28T11:16:27.185] [INFO] default - request response, url: http://localhost:8080/getAccountInfo, put request data: {"address":"0x3be909bdea41172e5e81f9e1c9fce4bb24cca346"}, put response data: {"code":0,"msg":"","data":"c480826000"}
[2019-01-28T11:16:27.186] [INFO] default - [::1 GET /getAccountInfo?url=http:%2F%2Flocalhost:8080&address=3be909bdea41172e5e81f9e1c9fce4bb24cca346 200 30ms][http://localhost:9090/ HTTP/1.1 Mozilla/5.0 (Windows NT 6.2; Win64; x64; rv:64.0) Gecko/20100101 Firefox/64.0]
[2019-01-28T11:16:28.971] [INFO] default - new request, url: http://localhost:8080/getAccountInfo, body: {"address":"0x97dc8f311bc75fdef0c105726c3456218340c007"}
[2019-01-28T11:16:28.974] [INFO] default - request response, url: http://localhost:8080/getAccountInfo, put request data: {"address":"0x97dc8f311bc75fdef0c105726c3456218340c007"}, put response data: {"code":0,"msg":"","data":"c480826000"}
[2019-01-28T11:16:28.975] [INFO] default - [::1 GET /getAccountInfo?url=http:%2F%2Flocalhost:8080&address=97dc8f311bc75fdef0c105726c3456218340c007 200 3ms][http://localhost:9090/ HTTP/1.1 Mozilla/5.0 (Windows NT 6.2; Win64; x64; rv:64.0) Gecko/20100101 Firefox/64.0]
[2019-01-28T11:16:38.888] [INFO] default - new request, url: http://localhost:8080/sendTransaction, body: {"tx":"0xf861860168927579649497dc8f311bc75fdef0c105726c3456218340c00710801ca08d08dcc6b1c96afc3ccff808f3ad46e72d14299a983650fb30a6f1744a6c2785a0142761ebc031d72af9324bffdd3f41c7cf431b0c14fc853eabfd6d7f6b40ab7b"}
[2019-01-28T11:16:38.897] [INFO] default - request response, url: http://localhost:8080/sendTransaction, put request data: {"tx":"0xf861860168927579649497dc8f311bc75fdef0c105726c3456218340c00710801ca08d08dcc6b1c96afc3ccff808f3ad46e72d14299a983650fb30a6f1744a6c2785a0142761ebc031d72af9324bffdd3f41c7cf431b0c14fc853eabfd6d7f6b40ab7b"}, put response data: {"code":0,"msg":""}
[2019-01-28T11:16:38.898] [INFO] default - [::1 GET /sendTransaction?url=http:%2F%2Flocalhost:8080&from=3be909bdea41172e5e81f9e1c9fce4bb24cca346&to=97dc8f311bc75fdef0c105726c3456218340c007&value=10 200 14ms][http://localhost:9090/ HTTP/1.1 Mozilla/5.0 (Windows NT 6.2; Win64; x64; rv:64.0) Gecko/20100101 Firefox/64.0]
[2019-01-28T11:16:40.903] [INFO] default - [::1 GET /getToHistory 200 1ms][http://localhost:9090/ HTTP/1.1 Mozilla/5.0 (Windows NT 6.2; Win64; x64; rv:64.0) Gecko/20100101 Firefox/64.0]
[2019-01-28T11:16:43.221] [INFO] default - new request, url: http://localhost:8080/getTransactionState, body: {"hash":"0x11be540a5eec1ebd4addee4fce86a457c72c1240da49085939325fa1753b234a"}
[2019-01-28T11:16:43.223] [INFO] default - request response, url: http://localhost:8080/getTransactionState, put request data: {"hash":"0x11be540a5eec1ebd4addee4fce86a457c72c1240da49085939325fa1753b234a"}, put response data: {"code":0,"msg":"","data":2}
[2019-01-28T11:16:43.224] [INFO] default - [::1 GET /getTransactionState?url=http:%2F%2Flocalhost:8080&hash=11be540a5eec1ebd4addee4fce86a457c72c1240da49085939325fa1753b234a 200 3ms][http://localhost:9090/ HTTP/1.1 Mozilla/5.0 (Windows NT 6.2; Win64; x64; rv:64.0) Gecko/20100101 Firefox/64.0]
[2019-01-28T11:16:45.021] [INFO] default - new request, url: http://localhost:8080/sendTransaction, body: {"tx":"0xf8618601689275915d9497dc8f311bc75fdef0c105726c3456218340c00710801ba0c5c2e4749cfb65a8ace03a343c344e9ff99f5d78fb570455bc8203301fa8581fa01b13ac3a5751a7b1c9c81dc6d8778c8abfe74cf8d7de43c2924c3db3b252d66c"}
[2019-01-28T11:16:45.026] [INFO] default - request response, url: http://localhost:8080/sendTransaction, put request data: {"tx":"0xf8618601689275915d9497dc8f311bc75fdef0c105726c3456218340c00710801ba0c5c2e4749cfb65a8ace03a343c344e9ff99f5d78fb570455bc8203301fa8581fa01b13ac3a5751a7b1c9c81dc6d8778c8abfe74cf8d7de43c2924c3db3b252d66c"}, put response data: {"code":0,"msg":""}
[2019-01-28T11:16:45.027] [INFO] default - [::1 GET /sendTransaction?url=http:%2F%2Flocalhost:8080&from=3be909bdea41172e5e81f9e1c9fce4bb24cca346&to=97dc8f311bc75fdef0c105726c3456218340c007&value=10 200 7ms][http://localhost:9090/ HTTP/1.1 Mozilla/5.0 (Windows NT 6.2; Win64; x64; rv:64.0) Gecko/20100101 Firefox/64.0]
[2019-01-28T11:16:45.888] [INFO] default - [::1 GET /getToHistory 200 1ms][http://localhost:9090/ HTTP/1.1 Mozilla/5.0 (Windows NT 6.2; Win64; x64; rv:64.0) Gecko/20100101 Firefox/64.0]
[2019-01-28T11:16:46.669] [INFO] default - new request, url: http://localhost:8080/getTransactionState, body: {"hash":"0x11be540a5eec1ebd4addee4fce86a457c72c1240da49085939325fa1753b234a"}
[2019-01-28T11:16:46.672] [INFO] default - request response, url: http://localhost:8080/getTransactionState, put request data: {"hash":"0x11be540a5eec1ebd4addee4fce86a457c72c1240da49085939325fa1753b234a"}, put response data: {"code":0,"msg":"","data":3}
[2019-01-28T11:16:46.673] [INFO] default - [::1 GET /getTransactionState?url=http:%2F%2Flocalhost:8080&hash=11be540a5eec1ebd4addee4fce86a457c72c1240da49085939325fa1753b234a 200 4ms][http://localhost:9090/ HTTP/1.1 Mozilla/5.0 (Windows NT 6.2; Win64; x64; rv:64.0) Gecko/20100101 Firefox/64.0]
[2019-01-28T11:16:48.126] [INFO] default - new request, url: http://localhost:8080/getAccountInfo, body: {"address":"0x3be909bdea41172e5e81f9e1c9fce4bb24cca346"}
[2019-01-28T11:16:48.129] [INFO] default - request response, url: http://localhost:8080/getAccountInfo, put request data: {"address":"0x3be909bdea41172e5e81f9e1c9fce4bb24cca346"}, put response data: {"code":0,"msg":"","data":"c402825fe0"}
[2019-01-28T11:16:48.129] [INFO] default - [::1 GET /getAccountInfo?url=http:%2F%2Flocalhost:8080&address=3be909bdea41172e5e81f9e1c9fce4bb24cca346 200 3ms][http://localhost:9090/ HTTP/1.1 Mozilla/5.0 (Windows NT 6.2; Win64; x64; rv:64.0) Gecko/20100101 Firefox/64.0]
[2019-01-28T11:16:49.714] [INFO] default - new request, url: http://localhost:8080/getAccountInfo, body: {"address":"0x97dc8f311bc75fdef0c105726c3456218340c007"}
[2019-01-28T11:16:49.716] [INFO] default - request response, url: http://localhost:8080/getAccountInfo, put request data: {"address":"0x97dc8f311bc75fdef0c105726c3456218340c007"}, put response data: {"code":0,"msg":"","data":"c480826020"}
[2019-01-28T11:16:49.717] [INFO] default - [::1 GET /getAccountInfo?url=http:%2F%2Flocalhost:8080&address=97dc8f311bc75fdef0c105726c3456218340c007 200 3ms][http://localhost:9090/ HTTP/1.1 Mozilla/5.0 (Windows NT 6.2; Win64; x64; rv:64.0) Gecko/20100101 Firefox/64.0]
[2019-01-28T11:16:51.607] [INFO] default - new request, url: http://localhost:8080/getAccountInfo, body: {"address":"0x97dc8f311bc75fdef0c105726c3456218340c007"}
[2019-01-28T11:16:51.609] [INFO] default - request response, url: http://localhost:8080/getAccountInfo, put request data: {"address":"0x97dc8f311bc75fdef0c105726c3456218340c007"}, put response data: {"code":0,"msg":"","data":"c480826020"}
[2019-01-28T11:16:51.609] [INFO] default - [::1 GET /getAccountInfo?url=http:%2F%2Flocalhost:8080&address=97dc8f311bc75fdef0c105726c3456218340c007 304 2ms][http://localhost:9090/ HTTP/1.1 Mozilla/5.0 (Windows NT 6.2; Win64; x64; rv:64.0) Gecko/20100101 Firefox/64.0]
